This is pdfTeX, Version 3.14159265-2.6-1.40.16 (TeX Live 2015/Debian) (preloaded format=pdflatex 2017.11.5)  28 JUL 2018 13:36
entering extended mode
 restricted \write18 enabled.
 %&-line parsing enabled.
**report.tex
(./report.tex
LaTeX2e <2016/02/01>
Babel <3.9q> and hyphenation patterns for 81 language(s) loaded.
(/usr/share/texlive/texmf-dist/tex/latex/base/article.cls
Document Class: article 2014/09/29 v1.4h Standard LaTeX document class
(/usr/share/texlive/texmf-dist/tex/latex/base/size10.clo
File: size10.clo 2014/09/29 v1.4h Standard LaTeX file (size option)
)
\c@part=\count79
\c@section=\count80
\c@subsection=\count81
\c@subsubsection=\count82
\c@paragraph=\count83
\c@subparagraph=\count84
\c@figure=\count85
\c@table=\count86
\abovecaptionskip=\skip41
\belowcaptionskip=\skip42
\bibindent=\dimen102
)
(/usr/share/texlive/texmf-dist/tex/generic/babel/babel.sty
Package: babel 2016/02/24 3.9q The Babel package

(/usr/share/texlive/texmf-dist/tex/generic/babel-english/english.ldf
Language: english 2012/08/20 v3.3p English support from the babel system

(/usr/share/texlive/texmf-dist/tex/generic/babel/babel.def
File: babel.def 2016/02/24 3.9q Babel common definitions
\babel@savecnt=\count87
\U@D=\dimen103
)
\l@canadian = a dialect from \language\l@american 
\l@australian = a dialect from \language\l@british 
\l@newzealand = a dialect from \language\l@british 
))
(/usr/share/texlive/texmf-dist/tex/latex/base/inputenc.sty
Package: inputenc 2015/03/17 v1.2c Input encoding file
\inpenc@prehook=\toks14
\inpenc@posthook=\toks15

(/usr/share/texlive/texmf-dist/tex/latex/base/utf8.def
File: utf8.def 2015/12/03 v1.1r UTF-8 support for inputenc
Now handling font encoding OML ...
... no UTF-8 mapping file for font encoding OML
Now handling font encoding T1 ...
... processing UTF-8 mapping file for font encoding T1

(/usr/share/texlive/texmf-dist/tex/latex/base/t1enc.dfu
File: t1enc.dfu 2015/12/03 v1.1r UTF-8 support for inputenc
   defining Unicode char U+00A0 (decimal 160)
   defining Unicode char U+00A1 (decimal 161)
   defining Unicode char U+00A3 (decimal 163)
   defining Unicode char U+00AB (decimal 171)
   defining Unicode char U+00AD (decimal 173)
   defining Unicode char U+00BB (decimal 187)
   defining Unicode char U+00BF (decimal 191)
   defining Unicode char U+00C0 (decimal 192)
   defining Unicode char U+00C1 (decimal 193)
   defining Unicode char U+00C2 (decimal 194)
   defining Unicode char U+00C3 (decimal 195)
   defining Unicode char U+00C4 (decimal 196)
   defining Unicode char U+00C5 (decimal 197)
   defining Unicode char U+00C6 (decimal 198)
   defining Unicode char U+00C7 (decimal 199)
   defining Unicode char U+00C8 (decimal 200)
   defining Unicode char U+00C9 (decimal 201)
   defining Unicode char U+00CA (decimal 202)
   defining Unicode char U+00CB (decimal 203)
   defining Unicode char U+00CC (decimal 204)
   defining Unicode char U+00CD (decimal 205)
   defining Unicode char U+00CE (decimal 206)
   defining Unicode char U+00CF (decimal 207)
   defining Unicode char U+00D0 (decimal 208)
   defining Unicode char U+00D1 (decimal 209)
   defining Unicode char U+00D2 (decimal 210)
   defining Unicode char U+00D3 (decimal 211)
   defining Unicode char U+00D4 (decimal 212)
   defining Unicode char U+00D5 (decimal 213)
   defining Unicode char U+00D6 (decimal 214)
   defining Unicode char U+00D8 (decimal 216)
   defining Unicode char U+00D9 (decimal 217)
   defining Unicode char U+00DA (decimal 218)
   defining Unicode char U+00DB (decimal 219)
   defining Unicode char U+00DC (decimal 220)
   defining Unicode char U+00DD (decimal 221)
   defining Unicode char U+00DE (decimal 222)
   defining Unicode char U+00DF (decimal 223)
   defining Unicode char U+00E0 (decimal 224)
   defining Unicode char U+00E1 (decimal 225)
   defining Unicode char U+00E2 (decimal 226)
   defining Unicode char U+00E3 (decimal 227)
   defining Unicode char U+00E4 (decimal 228)
   defining Unicode char U+00E5 (decimal 229)
   defining Unicode char U+00E6 (decimal 230)
   defining Unicode char U+00E7 (decimal 231)
   defining Unicode char U+00E8 (decimal 232)
   defining Unicode char U+00E9 (decimal 233)
   defining Unicode char U+00EA (decimal 234)
   defining Unicode char U+00EB (decimal 235)
   defining Unicode char U+00EC (decimal 236)
   defining Unicode char U+00ED (decimal 237)
   defining Unicode char U+00EE (decimal 238)
   defining Unicode char U+00EF (decimal 239)
   defining Unicode char U+00F0 (decimal 240)
   defining Unicode char U+00F1 (decimal 241)
   defining Unicode char U+00F2 (decimal 242)
   defining Unicode char U+00F3 (decimal 243)
   defining Unicode char U+00F4 (decimal 244)
   defining Unicode char U+00F5 (decimal 245)
   defining Unicode char U+00F6 (decimal 246)
   defining Unicode char U+00F8 (decimal 248)
   defining Unicode char U+00F9 (decimal 249)
   defining Unicode char U+00FA (decimal 250)
   defining Unicode char U+00FB (decimal 251)
   defining Unicode char U+00FC (decimal 252)
   defining Unicode char U+00FD (decimal 253)
   defining Unicode char U+00FE (decimal 254)
   defining Unicode char U+00FF (decimal 255)
   defining Unicode char U+0100 (decimal 256)
   defining Unicode char U+0101 (decimal 257)
   defining Unicode char U+0102 (decimal 258)
   defining Unicode char U+0103 (decimal 259)
   defining Unicode char U+0104 (decimal 260)
   defining Unicode char U+0105 (decimal 261)
   defining Unicode char U+0106 (decimal 262)
   defining Unicode char U+0107 (decimal 263)
   defining Unicode char U+0108 (decimal 264)
   defining Unicode char U+0109 (decimal 265)
   defining Unicode char U+010A (decimal 266)
   defining Unicode char U+010B (decimal 267)
   defining Unicode char U+010C (decimal 268)
   defining Unicode char U+010D (decimal 269)
   defining Unicode char U+010E (decimal 270)
   defining Unicode char U+010F (decimal 271)
   defining Unicode char U+0110 (decimal 272)
   defining Unicode char U+0111 (decimal 273)
   defining Unicode char U+0112 (decimal 274)
   defining Unicode char U+0113 (decimal 275)
   defining Unicode char U+0114 (decimal 276)
   defining Unicode char U+0115 (decimal 277)
   defining Unicode char U+0116 (decimal 278)
   defining Unicode char U+0117 (decimal 279)
   defining Unicode char U+0118 (decimal 280)
   defining Unicode char U+0119 (decimal 281)
   defining Unicode char U+011A (decimal 282)
   defining Unicode char U+011B (decimal 283)
   defining Unicode char U+011C (decimal 284)
   defining Unicode char U+011D (decimal 285)
   defining Unicode char U+011E (decimal 286)
   defining Unicode char U+011F (decimal 287)
   defining Unicode char U+0120 (decimal 288)
   defining Unicode char U+0121 (decimal 289)
   defining Unicode char U+0122 (decimal 290)
   defining Unicode char U+0123 (decimal 291)
   defining Unicode char U+0124 (decimal 292)
   defining Unicode char U+0125 (decimal 293)
   defining Unicode char U+0128 (decimal 296)
   defining Unicode char U+0129 (decimal 297)
   defining Unicode char U+012A (decimal 298)
   defining Unicode char U+012B (decimal 299)
   defining Unicode char U+012C (decimal 300)
   defining Unicode char U+012D (decimal 301)
   defining Unicode char U+012E (decimal 302)
   defining Unicode char U+012F (decimal 303)
   defining Unicode char U+0130 (decimal 304)
   defining Unicode char U+0131 (decimal 305)
   defining Unicode char U+0132 (decimal 306)
   defining Unicode char U+0133 (decimal 307)
   defining Unicode char U+0134 (decimal 308)
   defining Unicode char U+0135 (decimal 309)
   defining Unicode char U+0136 (decimal 310)
   defining Unicode char U+0137 (decimal 311)
   defining Unicode char U+0139 (decimal 313)
   defining Unicode char U+013A (decimal 314)
   defining Unicode char U+013B (decimal 315)
   defining Unicode char U+013C (decimal 316)
   defining Unicode char U+013D (decimal 317)
   defining Unicode char U+013E (decimal 318)
   defining Unicode char U+0141 (decimal 321)
   defining Unicode char U+0142 (decimal 322)
   defining Unicode char U+0143 (decimal 323)
   defining Unicode char U+0144 (decimal 324)
   defining Unicode char U+0145 (decimal 325)
   defining Unicode char U+0146 (decimal 326)
   defining Unicode char U+0147 (decimal 327)
   defining Unicode char U+0148 (decimal 328)
   defining Unicode char U+014A (decimal 330)
   defining Unicode char U+014B (decimal 331)
   defining Unicode char U+014C (decimal 332)
   defining Unicode char U+014D (decimal 333)
   defining Unicode char U+014E (decimal 334)
   defining Unicode char U+014F (decimal 335)
   defining Unicode char U+0150 (decimal 336)
   defining Unicode char U+0151 (decimal 337)
   defining Unicode char U+0152 (decimal 338)
   defining Unicode char U+0153 (decimal 339)
   defining Unicode char U+0154 (decimal 340)
   defining Unicode char U+0155 (decimal 341)
   defining Unicode char U+0156 (decimal 342)
   defining Unicode char U+0157 (decimal 343)
   defining Unicode char U+0158 (decimal 344)
   defining Unicode char U+0159 (decimal 345)
   defining Unicode char U+015A (decimal 346)
   defining Unicode char U+015B (decimal 347)
   defining Unicode char U+015C (decimal 348)
   defining Unicode char U+015D (decimal 349)
   defining Unicode char U+015E (decimal 350)
   defining Unicode char U+015F (decimal 351)
   defining Unicode char U+0160 (decimal 352)
   defining Unicode char U+0161 (decimal 353)
   defining Unicode char U+0162 (decimal 354)
   defining Unicode char U+0163 (decimal 355)
   defining Unicode char U+0164 (decimal 356)
   defining Unicode char U+0165 (decimal 357)
   defining Unicode char U+0168 (decimal 360)
   defining Unicode char U+0169 (decimal 361)
   defining Unicode char U+016A (decimal 362)
   defining Unicode char U+016B (decimal 363)
   defining Unicode char U+016C (decimal 364)
   defining Unicode char U+016D (decimal 365)
   defining Unicode char U+016E (decimal 366)
   defining Unicode char U+016F (decimal 367)
   defining Unicode char U+0170 (decimal 368)
   defining Unicode char U+0171 (decimal 369)
   defining Unicode char U+0172 (decimal 370)
   defining Unicode char U+0173 (decimal 371)
   defining Unicode char U+0174 (decimal 372)
   defining Unicode char U+0175 (decimal 373)
   defining Unicode char U+0176 (decimal 374)
   defining Unicode char U+0177 (decimal 375)
   defining Unicode char U+0178 (decimal 376)
   defining Unicode char U+0179 (decimal 377)
   defining Unicode char U+017A (decimal 378)
   defining Unicode char U+017B (decimal 379)
   defining Unicode char U+017C (decimal 380)
   defining Unicode char U+017D (decimal 381)
   defining Unicode char U+017E (decimal 382)
   defining Unicode char U+01CD (decimal 461)
   defining Unicode char U+01CE (decimal 462)
   defining Unicode char U+01CF (decimal 463)
   defining Unicode char U+01D0 (decimal 464)
   defining Unicode char U+01D1 (decimal 465)
   defining Unicode char U+01D2 (decimal 466)
   defining Unicode char U+01D3 (decimal 467)
   defining Unicode char U+01D4 (decimal 468)
   defining Unicode char U+01E2 (decimal 482)
   defining Unicode char U+01E3 (decimal 483)
   defining Unicode char U+01E6 (decimal 486)
   defining Unicode char U+01E7 (decimal 487)
   defining Unicode char U+01E8 (decimal 488)
   defining Unicode char U+01E9 (decimal 489)
   defining Unicode char U+01EA (decimal 490)
   defining Unicode char U+01EB (decimal 491)
   defining Unicode char U+01F0 (decimal 496)
   defining Unicode char U+01F4 (decimal 500)
   defining Unicode char U+01F5 (decimal 501)
   defining Unicode char U+0218 (decimal 536)
   defining Unicode char U+0219 (decimal 537)
   defining Unicode char U+021A (decimal 538)
   defining Unicode char U+021B (decimal 539)
   defining Unicode char U+01E02 (decimal 7682)
   defining Unicode char U+01E03 (decimal 7683)
   defining Unicode char U+200C (decimal 8204)
   defining Unicode char U+2013 (decimal 8211)
   defining Unicode char U+2014 (decimal 8212)
   defining Unicode char U+2018 (decimal 8216)
   defining Unicode char U+2019 (decimal 8217)
   defining Unicode char U+201A (decimal 8218)
   defining Unicode char U+201C (decimal 8220)
   defining Unicode char U+201D (decimal 8221)
   defining Unicode char U+201E (decimal 8222)
   defining Unicode char U+2030 (decimal 8240)
   defining Unicode char U+2031 (decimal 8241)
   defining Unicode char U+2039 (decimal 8249)
   defining Unicode char U+203A (decimal 8250)
   defining Unicode char U+2423 (decimal 9251)
)
Now handling font encoding OT1 ...
... processing UTF-8 mapping file for font encoding OT1

(/usr/share/texlive/texmf-dist/tex/latex/base/ot1enc.dfu
File: ot1enc.dfu 2015/12/03 v1.1r UTF-8 support for inputenc
   defining Unicode char U+00A0 (decimal 160)
   defining Unicode char U+00A1 (decimal 161)
   defining Unicode char U+00A3 (decimal 163)
   defining Unicode char U+00AD (decimal 173)
   defining Unicode char U+00B8 (decimal 184)
   defining Unicode char U+00BF (decimal 191)
   defining Unicode char U+00C5 (decimal 197)
   defining Unicode char U+00C6 (decimal 198)
   defining Unicode char U+00D8 (decimal 216)
   defining Unicode char U+00DF (decimal 223)
   defining Unicode char U+00E6 (decimal 230)
   defining Unicode char U+00EC (decimal 236)
   defining Unicode char U+00ED (decimal 237)
   defining Unicode char U+00EE (decimal 238)
   defining Unicode char U+00EF (decimal 239)
   defining Unicode char U+00F8 (decimal 248)
   defining Unicode char U+0131 (decimal 305)
   defining Unicode char U+0141 (decimal 321)
   defining Unicode char U+0142 (decimal 322)
   defining Unicode char U+0152 (decimal 338)
   defining Unicode char U+0153 (decimal 339)
   defining Unicode char U+0174 (decimal 372)
   defining Unicode char U+0175 (decimal 373)
   defining Unicode char U+0176 (decimal 374)
   defining Unicode char U+0177 (decimal 375)
   defining Unicode char U+0218 (decimal 536)
   defining Unicode char U+0219 (decimal 537)
   defining Unicode char U+021A (decimal 538)
   defining Unicode char U+021B (decimal 539)
   defining Unicode char U+2013 (decimal 8211)
   defining Unicode char U+2014 (decimal 8212)
   defining Unicode char U+2018 (decimal 8216)
   defining Unicode char U+2019 (decimal 8217)
   defining Unicode char U+201C (decimal 8220)
   defining Unicode char U+201D (decimal 8221)
)
Now handling font encoding OMS ...
... processing UTF-8 mapping file for font encoding OMS

(/usr/share/texlive/texmf-dist/tex/latex/base/omsenc.dfu
File: omsenc.dfu 2015/12/03 v1.1r UTF-8 support for inputenc
   defining Unicode char U+00A7 (decimal 167)
   defining Unicode char U+00B6 (decimal 182)
   defining Unicode char U+00B7 (decimal 183)
   defining Unicode char U+2020 (decimal 8224)
   defining Unicode char U+2021 (decimal 8225)
   defining Unicode char U+2022 (decimal 8226)
)
Now handling font encoding OMX ...
... no UTF-8 mapping file for font encoding OMX
Now handling font encoding U ...
... no UTF-8 mapping file for font encoding U
   defining Unicode char U+00A9 (decimal 169)
   defining Unicode char U+00AA (decimal 170)
   defining Unicode char U+00AE (decimal 174)
   defining Unicode char U+00BA (decimal 186)
   defining Unicode char U+02C6 (decimal 710)
   defining Unicode char U+02DC (decimal 732)
   defining Unicode char U+200C (decimal 8204)
   defining Unicode char U+2026 (decimal 8230)
   defining Unicode char U+2122 (decimal 8482)
   defining Unicode char U+2423 (decimal 9251)
))
(/usr/share/texlive/texmf-dist/tex/latex/tabu/tabu.sty
Package: tabu 2011/02/26 v2.8 - flexible LaTeX tabulars (FC)

(/usr/share/texlive/texmf-dist/tex/latex/tools/array.sty
Package: array 2014/10/28 v2.4c Tabular extension package (FMi)
\col@sep=\dimen104
\extrarowheight=\dimen105
\NC@list=\toks16
\extratabsurround=\skip43
\backup@length=\skip44
)
(/usr/share/texlive/texmf-dist/tex/latex/varwidth/varwidth.sty
Package: varwidth 2009/03/30 ver 0.92;  Variable-width minipages
\@vwid@box=\box26
\sift@deathcycles=\count88
\@vwid@loff=\dimen106
\@vwid@roff=\dimen107
)
\c@taburow=\count89
\tabu@nbcols=\count90
\tabu@cnt=\count91
\tabu@Xcol=\count92
\tabu@alloc=\count93
\tabu@nested=\count94
\tabu@target=\dimen108
\tabu@spreadtarget=\dimen109
\tabu@naturalX=\dimen110
\tabucolX=\dimen111
\tabu@Xsum=\dimen112
\extrarowdepth=\dimen113
\abovetabulinesep=\dimen114
\belowtabulinesep=\dimen115
\tabustrutrule=\dimen116
\tabu@thebody=\toks17
\tabu@footnotes=\toks18
\tabu@box=\box27
\tabu@arstrutbox=\box28
\tabu@hleads=\box29
\tabu@vleads=\box30
\tabu@cellskip=\skip45
)
(/usr/share/texlive/texmf-dist/tex/latex/base/fontenc.sty
Package: fontenc 2005/09/27 v1.99g Standard LaTeX package

(/usr/share/texlive/texmf-dist/tex/latex/base/t1enc.def
File: t1enc.def 2005/09/27 v1.99g Standard LaTeX file
LaTeX Font Info:    Redeclaring font encoding T1 on input line 48.
))
(/usr/share/texlive/texmf-dist/tex/latex/enumitem/enumitem.sty
Package: enumitem 2011/09/28 v3.5.2 Customized lists
\enitkv@toks@=\toks19
\labelindent=\skip46
\enit@outerparindent=\dimen117
\enit@toks=\toks20
\enit@inbox=\box31
\enitdp@description=\count95
)
(/usr/share/texlive/texmf-dist/tex/latex/amsmath/amsmath.sty
Package: amsmath 2016/03/03 v2.15a AMS math features
\@mathmargin=\skip47

For additional information on amsmath, use the `?' option.
(/usr/share/texlive/texmf-dist/tex/latex/amsmath/amstext.sty
Package: amstext 2000/06/29 v2.01 AMS text

(/usr/share/texlive/texmf-dist/tex/latex/amsmath/amsgen.sty
File: amsgen.sty 1999/11/30 v2.0 generic functions
\@emptytoks=\toks21
\ex@=\dimen118
))
(/usr/share/texlive/texmf-dist/tex/latex/amsmath/amsbsy.sty
Package: amsbsy 1999/11/29 v1.2d Bold Symbols
\pmbraise@=\dimen119
)
(/usr/share/texlive/texmf-dist/tex/latex/amsmath/amsopn.sty
Package: amsopn 1999/12/14 v2.01 operator names
)
\inf@bad=\count96
LaTeX Info: Redefining \frac on input line 199.
\uproot@=\count97
\leftroot@=\count98
LaTeX Info: Redefining \overline on input line 297.
\classnum@=\count99
\DOTSCASE@=\count100
LaTeX Info: Redefining \ldots on input line 394.
LaTeX Info: Redefining \dots on input line 397.
LaTeX Info: Redefining \cdots on input line 518.
\Mathstrutbox@=\box32
\strutbox@=\box33
\big@size=\dimen120
LaTeX Font Info:    Redeclaring font encoding OML on input line 630.
LaTeX Font Info:    Redeclaring font encoding OMS on input line 631.
\macc@depth=\count101
\c@MaxMatrixCols=\count102
\dotsspace@=\muskip10
\c@parentequation=\count103
\dspbrk@lvl=\count104
\tag@help=\toks22
\row@=\count105
\column@=\count106
\maxfields@=\count107
\andhelp@=\toks23
\eqnshift@=\dimen121
\alignsep@=\dimen122
\tagshift@=\dimen123
\tagwidth@=\dimen124
\totwidth@=\dimen125
\lineht@=\dimen126
\@envbody=\toks24
\multlinegap=\skip48
\multlinetaggap=\skip49
\mathdisplay@stack=\toks25
LaTeX Info: Redefining \[ on input line 2735.
LaTeX Info: Redefining \] on input line 2736.
)
(/usr/share/texlive/texmf-dist/tex/latex/xcolor/xcolor.sty
Package: xcolor 2007/01/21 v2.11 LaTeX color extensions (UK)

(/usr/share/texlive/texmf-dist/tex/latex/latexconfig/color.cfg
File: color.cfg 2007/01/18 v1.5 color configuration of teTeX/TeXLive
)
Package xcolor Info: Driver file: pdftex.def on input line 225.

(/usr/share/texlive/texmf-dist/tex/latex/pdftex-def/pdftex.def
File: pdftex.def 2011/05/27 v0.06d Graphics/color for pdfTeX

(/usr/share/texlive/texmf-dist/tex/generic/oberdiek/infwarerr.sty
Package: infwarerr 2010/04/08 v1.3 Providing info/warning/error messages (HO)
)
(/usr/share/texlive/texmf-dist/tex/generic/oberdiek/ltxcmds.sty
Package: ltxcmds 2011/11/09 v1.22 LaTeX kernel commands for general use (HO)
)
\Gread@gobject=\count108
)
Package xcolor Info: Model `cmy' substituted by `cmy0' on input line 1337.
Package xcolor Info: Model `hsb' substituted by `rgb' on input line 1341.
Package xcolor Info: Model `RGB' extended on input line 1353.
Package xcolor Info: Model `HTML' substituted by `rgb' on input line 1355.
Package xcolor Info: Model `Hsb' substituted by `hsb' on input line 1356.
Package xcolor Info: Model `tHsb' substituted by `hsb' on input line 1357.
Package xcolor Info: Model `HSB' substituted by `hsb' on input line 1358.
Package xcolor Info: Model `Gray' substituted by `gray' on input line 1359.
Package xcolor Info: Model `wave' substituted by `hsb' on input line 1360.
)
(/usr/share/texlive/texmf-dist/tex/latex/amsfonts/amsfonts.sty
Package: amsfonts 2013/01/14 v3.01 Basic AMSFonts support
\symAMSa=\mathgroup4
\symAMSb=\mathgroup5
LaTeX Font Info:    Overwriting math alphabet `\mathfrak' in version `bold'
(Font)                  U/euf/m/n --> U/euf/b/n on input line 106.
)
(/usr/share/texlive/texmf-dist/tex/latex/subfig/subfig.sty
Package: subfig 2005/06/28 ver: 1.3 subfig package

(/usr/share/texlive/texmf-dist/tex/latex/graphics/keyval.sty
Package: keyval 2014/10/28 v1.15 key=value parser (DPC)
\KV@toks@=\toks26
)
(/usr/share/texlive/texmf-dist/tex/latex/caption/caption.sty
Package: caption 2016/02/21 v3.3-144 Customizing captions (AR)

(/usr/share/texlive/texmf-dist/tex/latex/caption/caption3.sty
Package: caption3 2016/02/04 v1.7-139 caption3 kernel (AR)
Package caption3 Info: TeX engine: e-TeX on input line 67.
\captionmargin=\dimen127
\captionmargin@=\dimen128
\captionwidth=\dimen129
\caption@tempdima=\dimen130
\caption@indent=\dimen131
\caption@parindent=\dimen132
\caption@hangindent=\dimen133
)
\c@ContinuedFloat=\count109
)
\c@KVtest=\count110
\sf@farskip=\skip50
\sf@captopadj=\dimen134
\sf@capskip=\skip51
\sf@nearskip=\skip52
\c@subfigure=\count111
\c@subfigure@save=\count112
\c@lofdepth=\count113
\c@subtable=\count114
\c@subtable@save=\count115
\c@lotdepth=\count116
\sf@top=\skip53
\sf@bottom=\skip54
)
(/usr/share/texlive/texmf-dist/tex/latex/geometry/geometry.sty
Package: geometry 2010/09/12 v5.6 Page Geometry

(/usr/share/texlive/texmf-dist/tex/generic/oberdiek/ifpdf.sty
Package: ifpdf 2011/01/30 v2.3 Provides the ifpdf switch (HO)
Package ifpdf Info: pdfTeX in PDF mode is detected.
)
(/usr/share/texlive/texmf-dist/tex/generic/oberdiek/ifvtex.sty
Package: ifvtex 2010/03/01 v1.5 Detect VTeX and its facilities (HO)
Package ifvtex Info: VTeX not detected.
)
(/usr/share/texlive/texmf-dist/tex/generic/ifxetex/ifxetex.sty
Package: ifxetex 2010/09/12 v0.6 Provides ifxetex conditional
)
\Gm@cnth=\count117
\Gm@cntv=\count118
\c@Gm@tempcnt=\count119
\Gm@bindingoffset=\dimen135
\Gm@wd@mp=\dimen136
\Gm@odd@mp=\dimen137
\Gm@even@mp=\dimen138
\Gm@layoutwidth=\dimen139
\Gm@layoutheight=\dimen140
\Gm@layouthoffset=\dimen141
\Gm@layoutvoffset=\dimen142
\Gm@dimlist=\toks27
)
(/usr/share/texlive/texmf-dist/tex/latex/jknapltx/mathbbol.sty
Package: mathbbol 1995/01/01
\symbbold=\mathgroup6
)
(/usr/share/texlive/texmf-dist/tex/latex/sidecap/sidecap.sty
Package: sidecap 2003/06/06 v1.6f SideCap Package (RN/HjG)

(/usr/share/texlive/texmf-dist/tex/latex/base/ifthen.sty
Package: ifthen 2014/09/29 v1.1c Standard LaTeX ifthen package (DPC)
)
\SC@BOXWD=\dimen143
\SC@CAPWD=\dimen144
\SC@tempdima=\dimen145
\SC@tempdimb=\dimen146
\c@SC@C=\count120
\SC@BOX=\box34
)
(/usr/share/texlive/texmf-dist/tex/latex/graphics/graphicx.sty
Package: graphicx 2014/10/28 v1.0g Enhanced LaTeX Graphics (DPC,SPQR)

(/usr/share/texlive/texmf-dist/tex/latex/graphics/graphics.sty
Package: graphics 2016/01/03 v1.0q Standard LaTeX Graphics (DPC,SPQR)

(/usr/share/texlive/texmf-dist/tex/latex/graphics/trig.sty
Package: trig 2016/01/03 v1.10 sin cos tan (DPC)
)
(/usr/share/texlive/texmf-dist/tex/latex/latexconfig/graphics.cfg
File: graphics.cfg 2010/04/23 v1.9 graphics configuration of TeX Live
)
Package graphics Info: Driver file: pdftex.def on input line 95.
)
\Gin@req@height=\dimen147
\Gin@req@width=\dimen148
)
(/usr/share/texlive/texmf-dist/tex/latex/fancyhdr/fancyhdr.sty
\fancy@headwidth=\skip55
\f@ncyO@elh=\skip56
\f@ncyO@erh=\skip57
\f@ncyO@olh=\skip58
\f@ncyO@orh=\skip59
\f@ncyO@elf=\skip60
\f@ncyO@erf=\skip61
\f@ncyO@olf=\skip62
\f@ncyO@orf=\skip63
)
(/usr/share/texlive/texmf-dist/tex/latex/makecell/makecell.sty
Package: makecell 2009/08/03 V0.1e Managing of Tab Column Heads and Cells
\rotheadsize=\dimen149
\c@nlinenum=\count121
\TeXr@lab=\toks28
) (./report.aux)
\openout1 = `report.aux'.

LaTeX Font Info:    Checking defaults for OML/cmm/m/it on input line 37.
LaTeX Font Info:    ... okay on input line 37.
LaTeX Font Info:    Checking defaults for T1/cmr/m/n on input line 37.
LaTeX Font Info:    ... okay on input line 37.
LaTeX Font Info:    Checking defaults for OT1/cmr/m/n on input line 37.
LaTeX Font Info:    ... okay on input line 37.
LaTeX Font Info:    Checking defaults for OMS/cmsy/m/n on input line 37.
LaTeX Font Info:    ... okay on input line 37.
LaTeX Font Info:    Checking defaults for OMX/cmex/m/n on input line 37.
LaTeX Font Info:    ... okay on input line 37.
LaTeX Font Info:    Checking defaults for U/cmr/m/n on input line 37.
LaTeX Font Info:    ... okay on input line 37.

(/usr/share/texlive/texmf-dist/tex/context/base/supp-pdf.mkii
[Loading MPS to PDF converter (version 2006.09.02).]
\scratchcounter=\count122
\scratchdimen=\dimen150
\scratchbox=\box35
\nofMPsegments=\count123
\nofMParguments=\count124
\everyMPshowfont=\toks29
\MPscratchCnt=\count125
\MPscratchDim=\dimen151
\MPnumerator=\count126
\makeMPintoPDFobject=\count127
\everyMPtoPDFconversion=\toks30
)
Package caption Info: Begin \AtBeginDocument code.
Package caption Info: subfig package v1.3 is loaded.
Package caption Info: sidecap package is loaded.
Package caption Info: End \AtBeginDocument code.

*geometry* driver: auto-detecting
*geometry* detected driver: pdftex
*geometry* verbose mode - [ preamble ] result:
* driver: pdftex
* paper: a4paper
* layout: <same size as paper>
* layoutoffset:(h,v)=(0.0pt,0.0pt)
* modes: 
* h-part:(L,W,R)=(85.35826pt, 426.79135pt, 85.35826pt)
* v-part:(T,H,B)=(85.35826pt, 702.78308pt, 56.9055pt)
* \paperwidth=597.50787pt
* \paperheight=845.04684pt
* \textwidth=426.79135pt
* \textheight=702.78308pt
* \oddsidemargin=13.08827pt
* \evensidemargin=13.08827pt
* \topmargin=-23.91173pt
* \headheight=12.0pt
* \headsep=25.0pt
* \topskip=10.0pt
* \footskip=30.0pt
* \marginparwidth=49.79231pt
* \marginparsep=11.0pt
* \columnsep=10.0pt
* \skip\footins=9.0pt plus 4.0pt minus 2.0pt
* \hoffset=0.0pt
* \voffset=0.0pt
* \mag=1000
* \@twocolumnfalse
* \@twosidefalse
* \@mparswitchfalse
* \@reversemarginfalse
* (1in=72.27pt=25.4mm, 1cm=28.453pt)

(/usr/share/texlive/texmf-dist/tex/latex/ms/ragged2e.sty
Package: ragged2e 2009/05/21 v2.1 ragged2e Package (MS)

(/usr/share/texlive/texmf-dist/tex/latex/ms/everysel.sty
Package: everysel 2011/10/28 v1.2 EverySelectfont Package (MS)

ABD: EverySelectfont initializing macros
LaTeX Info: Redefining \selectfont on input line 126.
)
\CenteringLeftskip=\skip64
\RaggedLeftLeftskip=\skip65
\RaggedRightLeftskip=\skip66
\CenteringRightskip=\skip67
\RaggedLeftRightskip=\skip68
\RaggedRightRightskip=\skip69
\CenteringParfillskip=\skip70
\RaggedLeftParfillskip=\skip71
\RaggedRightParfillskip=\skip72
\JustifyingParfillskip=\skip73
\CenteringParindent=\skip74
\RaggedLeftParindent=\skip75
\RaggedRightParindent=\skip76
\JustifyingParindent=\skip77
)
(/usr/share/texlive/texmf-dist/tex/generic/oberdiek/pdftexcmds.sty
Package: pdftexcmds 2011/11/29 v0.20 Utility functions of pdfTeX for LuaTeX (HO
)

(/usr/share/texlive/texmf-dist/tex/generic/oberdiek/ifluatex.sty
Package: ifluatex 2010/03/01 v1.3 Provides the ifluatex switch (HO)
Package ifluatex Info: LuaTeX not detected.
)
Package pdftexcmds Info: LuaTeX not detected.
Package pdftexcmds Info: \pdf@primitive is available.
Package pdftexcmds Info: \pdf@ifprimitive is available.
Package pdftexcmds Info: \pdfdraftmode found.
)
(/usr/share/texlive/texmf-dist/tex/latex/oberdiek/epstopdf-base.sty
Package: epstopdf-base 2010/02/09 v2.5 Base part for package epstopdf

(/usr/share/texlive/texmf-dist/tex/latex/oberdiek/grfext.sty
Package: grfext 2010/08/19 v1.1 Manage graphics extensions (HO)

(/usr/share/texlive/texmf-dist/tex/generic/oberdiek/kvdefinekeys.sty
Package: kvdefinekeys 2011/04/07 v1.3 Define keys (HO)
))
(/usr/share/texlive/texmf-dist/tex/latex/oberdiek/kvoptions.sty
Package: kvoptions 2011/06/30 v3.11 Key value format for package options (HO)

(/usr/share/texlive/texmf-dist/tex/generic/oberdiek/kvsetkeys.sty
Package: kvsetkeys 2012/04/25 v1.16 Key value parser (HO)

(/usr/share/texlive/texmf-dist/tex/generic/oberdiek/etexcmds.sty
Package: etexcmds 2011/02/16 v1.5 Avoid name clashes with e-TeX commands (HO)
Package etexcmds Info: Could not find \expanded.
(etexcmds)             That can mean that you are not using pdfTeX 1.50 or
(etexcmds)             that some package has redefined \expanded.
(etexcmds)             In the latter case, load this package earlier.
)))
Package grfext Info: Graphics extension search list:
(grfext)             [.png,.pdf,.jpg,.mps,.jpeg,.jbig2,.jb2,.PNG,.PDF,.JPG,.JPE
G,.JBIG2,.JB2,.eps]
(grfext)             \AppendGraphicsExtensions on input line 452.

(/usr/share/texlive/texmf-dist/tex/latex/latexconfig/epstopdf-sys.cfg
File: epstopdf-sys.cfg 2010/07/13 v1.3 Configuration of (r)epstopdf for TeX Liv
e
))
LaTeX Font Info:    Try loading font information for U+msa on input line 38.

(/usr/share/texlive/texmf-dist/tex/latex/amsfonts/umsa.fd
File: umsa.fd 2013/01/14 v3.01 AMS symbols A
)
LaTeX Font Info:    Try loading font information for U+msb on input line 38.

(/usr/share/texlive/texmf-dist/tex/latex/amsfonts/umsb.fd
File: umsb.fd 2013/01/14 v3.01 AMS symbols B
)
LaTeX Font Info:    Try loading font information for U+bbold on input line 38.

(/usr/share/texlive/texmf-dist/tex/latex/bbold/Ubbold.fd)
<contact_lense.jpg, id=1, 948.54375pt x 533.995pt>
File: contact_lense.jpg Graphic file (type jpg)
 <use contact_lense.jpg>
Package pdftex.def Info: contact_lense.jpg used on input line 42.
(pdftex.def)             Requested size: 237.13535pt x 133.49841pt.

<poker_player.jpg, id=2, 381.425pt x 250.9375pt>
File: poker_player.jpg Graphic file (type jpg)
 <use poker_player.jpg>
Package pdftex.def Info: poker_player.jpg used on input line 43.
(pdftex.def)             Requested size: 202.9167pt x 133.49783pt.

Overfull \hbox (15.48238pt too wide) in paragraph at lines 42--44
[][] [] 
 []

[1

{/var/lib/texmf/fonts/map/pdftex/updmap/pdftex.map} <./contact_lense.jpg> <./po
ker_player.jpg>]
Underfull \hbox (badness 10000) in paragraph at lines 59--62

 []

<qs_2.jpg, id=14, 226.9278pt x 295.5843pt>
File: qs_2.jpg Graphic file (type jpg)
 <use qs_2.jpg>
Package pdftex.def Info: qs_2.jpg used on input line 79.
(pdftex.def)             Requested size: 133.20755pt x 173.50922pt.

<qs_2_1.jpg, id=15, 73.7154pt x 245.718pt>
File: qs_2_1.jpg Graphic file (type jpg)
 <use qs_2_1.jpg>
Package pdftex.def Info: qs_2_1.jpg used on input line 82.
(pdftex.def)             Requested size: 50.12578pt x 167.08601pt.

<qs_2_2.jpg, id=16, 73.7154pt x 224.037pt>
File: qs_2_2.jpg Graphic file (type jpg)
 <use qs_2_2.jpg>
Package pdftex.def Info: qs_2_2.jpg used on input line 82.
(pdftex.def)             Requested size: 54.54964pt x 165.7882pt.

Underfull \hbox (badness 2435) in paragraph at lines 82--82
\T1/cmr/m/n/7 points were saved as a
 []


Overfull \hbox (15.0pt too wide) in paragraph at lines 71--86
[]$[]$ 
 []


LaTeX Warning: Citation `cimpoi14describing' on page 2 undefined on input line 
89.

<2h_1.jpg, id=17, 3011.25pt x 3011.25pt>
File: 2h_1.jpg Graphic file (type jpg)
 <use 2h_1.jpg>
Package pdftex.def Info: 2h_1.jpg used on input line 101.
(pdftex.def)             Requested size: 120.42949pt x 120.42949pt.

<4c_1.jpg, id=18, 3011.25pt x 3011.25pt>
File: 4c_1.jpg Graphic file (type jpg)
 <use 4c_1.jpg>
Package pdftex.def Info: 4c_1.jpg used on input line 101.
(pdftex.def)             Requested size: 120.42949pt x 120.42949pt.

<5h_1.jpg, id=19, 3011.25pt x 3011.25pt>
File: 5h_1.jpg Graphic file (type jpg)
 <use 5h_1.jpg>
Package pdftex.def Info: 5h_1.jpg used on input line 101.
(pdftex.def)             Requested size: 120.42949pt x 120.42949pt.

<6c_1.jpg, id=20, 3011.25pt x 3011.25pt>
File: 6c_1.jpg Graphic file (type jpg)
 <use 6c_1.jpg>
Package pdftex.def Info: 6c_1.jpg used on input line 106.
(pdftex.def)             Requested size: 120.42949pt x 120.42949pt.

<as_1.jpg, id=21, 3011.25pt x 3011.25pt>
File: as_1.jpg Graphic file (type jpg)
 <use as_1.jpg>
Package pdftex.def Info: as_1.jpg used on input line 106.
(pdftex.def)             Requested size: 120.42949pt x 120.42949pt.

<qc_1.jpg, id=22, 3011.25pt x 3011.25pt>
File: qc_1.jpg Graphic file (type jpg)
 <use qc_1.jpg>
Package pdftex.def Info: qc_1.jpg used on input line 106.
(pdftex.def)             Requested size: 120.42949pt x 120.42949pt.

Overfull \hbox (15.0pt too wide) in paragraph at lines 92--114
[]$[]$ 
 []


Underfull \hbox (badness 10000) in paragraph at lines 92--114

 []


Underfull \hbox (badness 10000) in paragraph at lines 92--114

 []

[2 <./qs_2.jpg> <./qs_2_1.jpg> <./qs_2_2.jpg>]
<2h_2.jpg, id=30, 803.0pt x 803.0pt>
File: 2h_2.jpg Graphic file (type jpg)
 <use 2h_2.jpg>
Package pdftex.def Info: 2h_2.jpg used on input line 124.
(pdftex.def)             Requested size: 90.33972pt x 90.33972pt.

<2h_4.jpg, id=31, 130.086pt x 130.086pt>
File: 2h_4.jpg Graphic file (type jpg)
 <use 2h_4.jpg>
Package pdftex.def Info: 2h_4.jpg used on input line 124.
(pdftex.def)             Requested size: 91.05956pt x 91.05956pt.

<4c_2.jpg, id=32, 803.0pt x 803.0pt>
File: 4c_2.jpg Graphic file (type jpg)
 <use 4c_2.jpg>
Package pdftex.def Info: 4c_2.jpg used on input line 128.
(pdftex.def)             Requested size: 90.33972pt x 90.33972pt.

<4c_4.jpg, id=33, 72.27pt x 72.27pt>
File: 4c_4.jpg Graphic file (type jpg)
 <use 4c_4.jpg>
Package pdftex.def Info: 4c_4.jpg used on input line 128.
(pdftex.def)             Requested size: 91.78296pt x 91.78296pt.

<6c_2.jpg, id=34, 803.0pt x 803.0pt>
File: 6c_2.jpg Graphic file (type jpg)
 <use 6c_2.jpg>
Package pdftex.def Info: 6c_2.jpg used on input line 132.
(pdftex.def)             Requested size: 90.33972pt x 90.33972pt.

<6c_4.jpg, id=35, 130.086pt x 130.086pt>
File: 6c_4.jpg Graphic file (type jpg)
 <use 6c_4.jpg>
Package pdftex.def Info: 6c_4.jpg used on input line 132.
(pdftex.def)             Requested size: 91.05956pt x 91.05956pt.

<5h_2.jpg, id=36, 803.0pt x 803.0pt>
File: 5h_2.jpg Graphic file (type jpg)
 <use 5h_2.jpg>
Package pdftex.def Info: 5h_2.jpg used on input line 136.
(pdftex.def)             Requested size: 90.33972pt x 90.33972pt.

<5h_4.jpg, id=37, 72.27pt x 72.27pt>
File: 5h_4.jpg Graphic file (type jpg)
 <use 5h_4.jpg>
Package pdftex.def Info: 5h_4.jpg used on input line 136.
(pdftex.def)             Requested size: 91.78296pt x 91.78296pt.

<qc_2.jpg, id=38, 803.0pt x 803.0pt>
File: qc_2.jpg Graphic file (type jpg)
 <use qc_2.jpg>
Package pdftex.def Info: qc_2.jpg used on input line 140.
(pdftex.def)             Requested size: 90.33972pt x 90.33972pt.

<qc_4.jpg, id=39, 130.086pt x 130.086pt>
File: qc_4.jpg Graphic file (type jpg)
 <use qc_4.jpg>
Package pdftex.def Info: qc_4.jpg used on input line 140.
(pdftex.def)             Requested size: 91.05956pt x 91.05956pt.

<as_2.jpg, id=40, 803.0pt x 803.0pt>
File: as_2.jpg Graphic file (type jpg)
 <use as_2.jpg>
Package pdftex.def Info: as_2.jpg used on input line 144.
(pdftex.def)             Requested size: 90.33972pt x 90.33972pt.

<as_4.jpg, id=41, 72.27pt x 72.27pt>
File: as_4.jpg Graphic file (type jpg)
 <use as_4.jpg>
Package pdftex.def Info: as_4.jpg used on input line 144.
(pdftex.def)             Requested size: 90.33725pt x 90.33725pt.

Overfull \hbox (15.0pt too wide) in paragraph at lines 115--149
[]$[]$ 
 []

[3 <./2h_1.jpg> <./4c_1.jpg> <./5h_1.jpg> <./6c_1.jpg> <./as_1.jpg> <./qc_1.jpg
>] <ch_vs_bb.jpg, id=45, 1168.365pt x 1150.2975pt>
File: ch_vs_bb.jpg Graphic file (type jpg)
 <use ch_vs_bb.jpg>
Package pdftex.def Info: ch_vs_bb.jpg used on input line 162.
(pdftex.def)             Requested size: 198.61942pt x 195.54799pt.

Overfull \hbox (15.0pt too wide) in paragraph at lines 155--166
[]$[]$ 
 []

[4 <./2h_2.jpg> <./2h_4.jpg> <./4c_2.jpg> <./4c_4.jpg> <./6c_2.jpg> <./6c_4.jpg
> <./5h_2.jpg> <./5h_4.jpg> <./qc_2.jpg> <./qc_4.jpg> <./as_2.jpg> <./as_4.jpg>
]

LaTeX Warning: Citation `DBLP:journals/corr/RenHG015' on page 5 undefined on in
put line 171.

[5 <./ch_vs_bb.jpg>] <yolo_model.jpeg, id=55, 764.8575pt x 460.72125pt>
File: yolo_model.jpeg Graphic file (type jpg)

<use yolo_model.jpeg>
Package pdftex.def Info: yolo_model.jpeg used on input line 198.
(pdftex.def)             Requested size: 267.70413pt x 161.25485pt.

Underfull \hbox (badness 1394) in paragraph at lines 203--203
[] []\T1/cmr/m/n/10 : |For each of the $\OML/cmm/m/it/10 S[]$
 []


Underfull \hbox (badness 3219) in paragraph at lines 203--203
\T1/cmr/m/n/10 po-si-tional pre-dic-tions for
 []

<yolo_mechanics.jpg, id=56, 870.25125pt x 369.38pt>
File: yolo_mechanics.jpg Graphic file (type jpg)
 <use yolo_mechanics.jpg>
Package pdftex.def Info: yolo_mechanics.jpg used on input line 210.
(pdftex.def)             Requested size: 304.5925pt x 129.28493pt.

Underfull \hbox (badness 10000) in paragraph at lines 213--213
\T1/cmr/m/n/10 cell, we pre-dict
 []


Underfull \hbox (badness 10000) in paragraph at lines 213--213
\T1/cmr/m/n/10 bound-ing boxes
 []


Underfull \hbox (badness 10000) in paragraph at lines 213--213
\T1/cmr/m/n/10 (here, only one
 []


Underfull \hbox (badness 5533) in paragraph at lines 213--213
\T1/cmr/m/n/10 bound-ing box is
 []


Underfull \hbox (badness 10000) in paragraph at lines 213--213
\T1/cmr/m/n/10 pre-dic-tion vec-tor
 []

[6 <./yolo_model.jpeg> <./yolo_mechanics.jpg>]
<tinyyolo.png, id=63, 561.09625pt x 185.69376pt>
File: tinyyolo.png Graphic file (type png)
 <use tinyyolo.png>
Package pdftex.def Info: tinyyolo.png used on input line 300.
(pdftex.def)             Requested size: 426.79135pt x 141.24489pt.
 [7 <./tinyyolo.png>]
Overfull \hbox (36.81766pt too wide) in paragraph at lines 319--323
\T1/cmr/m/n/10 http://tarangshah.com/blog/2018-01-27/what-is-map-understanding-
the-statistic-of-choice-for-comparing-
 []


Underfull \hbox (badness 10000) in paragraph at lines 319--323

 []

<loss.png, id=74, 317.185pt x 213.79875pt>
File: loss.png Graphic file (type png)
 <use loss.png>
Package pdftex.def Info: loss.png used on input line 329.
(pdftex.def)             Requested size: 317.1842pt x 213.79822pt.

Underfull \hbox (badness 10000) in paragraph at lines 334--334
[] []\T1/cmr/m/n/10 : |Pre-ci-sion
 []


Underfull \hbox (badness 10000) in paragraph at lines 334--334
\T1/cmr/m/n/10 val-ues af-ter
 []


Underfull \hbox (badness 10000) in paragraph at lines 334--334
\T1/cmr/m/n/10 each train-ing
 []


Underfull \hbox (badness 10000) in paragraph at lines 334--334
\T1/cmr/m/n/10 epochs eval-
 []


Underfull \hbox (badness 10000) in paragraph at lines 334--334
\T1/cmr/m/n/10 u-ated on the
 []


Underfull \hbox (badness 10000) in paragraph at lines 334--334
\T1/cmr/m/n/10 test set per-
 []


Underfull \hbox (badness 2837) in paragraph at lines 334--334
\T1/cmr/m/n/10 tain-ing to the
 []


Underfull \hbox (badness 10000) in paragraph at lines 334--334
\T1/cmr/m/n/10 dataset be-ing
 []


Underfull \hbox (badness 2005) in paragraph at lines 334--334
\T1/cmr/m/n/10 you would ex-
 []


Underfull \hbox (badness 10000) in paragraph at lines 334--334
\T1/cmr/m/n/10 the dataset,
 []


Underfull \hbox (badness 4072) in paragraph at lines 334--334
\T1/cmr/m/n/10 the faster the
 []


Underfull \hbox (badness 10000) in paragraph at lines 334--334
\T1/cmr/m/n/10 train-ing and
 []


Underfull \hbox (badness 2173) in paragraph at lines 334--334
\T1/cmr/m/n/10 the bet-ter the
 []


Overfull \hbox (1.23706pt too wide) in paragraph at lines 338--356
[][] 
 []

<success3.jpg, id=76, 481.8pt x 481.8pt>
File: success3.jpg Graphic file (type jpg)
 <use success3.jpg>
Package pdftex.def Info: success3.jpg used on input line 365.
(pdftex.def)             Requested size: 125.19212pt x 125.19151pt.

<success2.jpg, id=77, 481.8pt x 481.8pt>
File: success2.jpg Graphic file (type jpg)
 <use success2.jpg>
Package pdftex.def Info: success2.jpg used on input line 365.
(pdftex.def)             Requested size: 125.19212pt x 125.19151pt.

<success1.jpg, id=78, 401.5pt x 401.5pt>
File: success1.jpg Graphic file (type jpg)
 <use success1.jpg>
Package pdftex.def Info: success1.jpg used on input line 365.
(pdftex.def)             Requested size: 125.19212pt x 125.19275pt.

<fail1.jpg, id=79, 481.8pt x 481.8pt>
File: fail1.jpg Graphic file (type jpg)
 <use fail1.jpg>
Package pdftex.def Info: fail1.jpg used on input line 367.
(pdftex.def)             Requested size: 125.19212pt x 125.19151pt.

<fail2.jpg, id=80, 481.8pt x 481.8pt>
File: fail2.jpg Graphic file (type jpg)
 <use fail2.jpg>
Package pdftex.def Info: fail2.jpg used on input line 367.
(pdftex.def)             Requested size: 125.19212pt x 125.19151pt.

<fail3.jpg, id=81, 320.19624pt x 323.2075pt>
File: fail3.jpg Graphic file (type jpg)
 <use fail3.jpg>
Package pdftex.def Info: fail3.jpg used on input line 367.
(pdftex.def)             Requested size: 125.19212pt x 126.36604pt.

Overfull \hbox (51.89685pt too wide) in paragraph at lines 363--373
[][] 
 []

[8]

LaTeX Warning: `h' float specifier changed to `ht'.


Underfull \hbox (badness 10000) in paragraph at lines 383--384

 []


Underfull \hbox (badness 10000) in paragraph at lines 385--386

 []

[9 <./loss.png>] [10 <./success3.jpg> <./success2.jpg> <./success1.jpg> <./fail
1.jpg> <./fail2.jpg> <./fail3.jpg>] (./report.bbl) [11] (./report.aux)

LaTeX Warning: There were undefined references.

 ) 
Here is how much of TeX's memory you used:
 6998 strings out of 493029
 97144 string characters out of 6136234
 187145 words of memory out of 5000000
 10348 multiletter control sequences out of 15000+600000
 22573 words of font info for 61 fonts, out of 8000000 for 9000
 1141 hyphenation exceptions out of 8191
 44i,17n,49p,904b,408s stack positions out of 5000i,500n,10000p,200000b,80000s
{/usr/share/texmf/fonts/enc/dvips/cm-super/cm-super-t1.enc}</usr/share/texliv
e/texmf-dist/fonts/type1/public/bbold-type1/bbold10.pfb></usr/share/texlive/tex
mf-dist/fonts/type1/public/amsfonts/cm/cmex10.pfb></usr/share/texlive/texmf-dis
t/fonts/type1/public/amsfonts/cm/cmmi10.pfb></usr/share/texlive/texmf-dist/font
s/type1/public/amsfonts/cm/cmmi7.pfb></usr/share/texlive/texmf-dist/fonts/type1
/public/amsfonts/cm/cmr10.pfb></usr/share/texlive/texmf-dist/fonts/type1/public
/amsfonts/cm/cmr5.pfb></usr/share/texlive/texmf-dist/fonts/type1/public/amsfont
s/cm/cmr7.pfb></usr/share/texlive/texmf-dist/fonts/type1/public/amsfonts/cm/cms
y10.pfb></usr/share/texlive/texmf-dist/fonts/type1/public/amsfonts/cm/cmsy7.pfb
></usr/share/texmf/fonts/type1/public/cm-super/sfbx0700.pfb></usr/share/texmf/f
onts/type1/public/cm-super/sfbx1000.pfb></usr/share/texmf/fonts/type1/public/cm
-super/sfbx1200.pfb></usr/share/texmf/fonts/type1/public/cm-super/sfbx1440.pfb>
</usr/share/texmf/fonts/type1/public/cm-super/sfbx1728.pfb></usr/share/texmf/fo
nts/type1/public/cm-super/sfrm0600.pfb></usr/share/texmf/fonts/type1/public/cm-
super/sfrm0700.pfb></usr/share/texmf/fonts/type1/public/cm-super/sfrm0800.pfb><
/usr/share/texmf/fonts/type1/public/cm-super/sfrm1000.pfb></usr/share/texmf/fon
ts/type1/public/cm-super/sfrm1200.pfb></usr/share/texmf/fonts/type1/public/cm-s
uper/sfrm1728.pfb></usr/share/texmf/fonts/type1/public/cm-super/sfti1000.pfb>
Output written on report.pdf (11 pages, 4841824 bytes).
PDF statistics:
 162 PDF objects out of 1000 (max. 8388607)
 91 compressed objects within 1 object stream
 0 named destinations out of 1000 (max. 500000)
 171 words of extra memory for PDF output out of 10000 (max. 10000000)

